

Starting up. 22:57.35
---------------------

ADMIN: Loading jobban_rank
ADMIN: jobban_keylist was empty
ADMIN: Updating jobbanfile!
ADMIN: Loading goon_keylist
ADMIN: Loading Banlist
ACCESS: Login: Guest-1991268922/(Guest-1991268922) from localhost
ACCESS: Logout: *no client*/(Guest-1991268922)
ACCESS: Login: Guest-1991268922/(observer) from localhost
ACCESS: Logout: Guest-1991268922/(Rich Berkheimer)


Starting up. 22:58.03
---------------------

ADMIN: Loading jobban_rank
ADMIN: jobban_keylist was empty
ADMIN: Updating jobbanfile!
ADMIN: Loading goon_keylist
ADMIN: Loading Banlist
ACCESS: Login: Guest-1991268922/(Guest-1991268922) from localhost
ACCESS: Logout: *no client*/(Guest-1991268922)
ACCESS: Login: Guest-1991268922/(Vince Stahl) from localhost
ACCESS: Logout: Guest-1991268922/(Vince Stahl)
